The target system is: Linux -  - aarch64
The host system is: Linux - 6.1.0-40-amd64 - x86_64
Compiling the C compiler identification source file "CMakeCCompilerId.c" succeeded.
Compiler: /usr/bin/aarch64-linux-gnu-gcc 
Build flags: 
Id flags:  

The output was:
0


Compilation of the C compiler identification source "CMakeCCompilerId.c" produced "a.out"

The C compiler identification is GNU, found in "/home/kirin/ensc351/work/as2/build-aarch64/CMakeFiles/3.25.1/CompilerIdC/a.out"

Detecting C compiler ABI info compiled with the following output:
Change Dir: /home/kirin/ensc351/work/as2/build-aarch64/CMakeFiles/CMakeScratch/TryCompile-g1rTBj

Run Build Command(s):/usr/bin/gmake -f Makefile cmTC_aeb1a/fast && /usr/bin/gmake  -f CMakeFiles/cmTC_aeb1a.dir/build.make CMakeFiles/cmTC_aeb1a.dir/build
gmake[1]: Entering directory '/home/kirin/ensc351/work/as2/build-aarch64/CMakeFiles/CMakeScratch/TryCompile-g1rTBj'
Building C object CMakeFiles/cmTC_aeb1a.dir/CMakeCCompilerABI.c.o
/usr/bin/aarch64-linux-gnu-gcc --sysroot=/opt/beagley-sysroot   -v -o CMakeFiles/cmTC_aeb1a.dir/CMakeCCompilerABI.c.o -c /usr/share/cmake-3.25/Modules/CMakeCCompilerABI.c
Using built-in specs.
COLLECT_GCC=/usr/bin/aarch64-linux-gnu-gcc
Target: aarch64-linux-gnu
Configured with: ../src/configure -v --with-pkgversion='Debian 12.2.0-14' --with-bugurl=file:///usr/share/doc/gcc-12/README.Bugs --enable-languages=c,ada,c++,go,d,fortran,objc,obj-c++,m2 --prefix=/usr --with-gcc-major-version-only --program-suffix=-12 --enable-shared --enable-linker-build-id --libexecdir=/usr/lib --without-included-gettext --enable-threads=posix --libdir=/usr/lib --enable-nls --with-sysroot=/ --enable-clocale=gnu --enable-libstdcxx-debug --enable-libstdcxx-time=yes --with-default-libstdcxx-abi=new --enable-gnu-unique-object --disable-libquadmath --disable-libquadmath-support --enable-plugin --enable-default-pie --with-system-zlib --enable-libphobos-checking=release --without-target-system-zlib --enable-multiarch --enable-fix-cortex-a53-843419 --disable-werror --enable-checking=release --build=x86_64-linux-gnu --host=x86_64-linux-gnu --target=aarch64-linux-gnu --program-prefix=aarch64-linux-gnu- --includedir=/usr/aarch64-linux-gnu/include
Thread model: posix
Supported LTO compression algorithms: zlib zstd
gcc version 12.2.0 (Debian 12.2.0-14) 
COLLECT_GCC_OPTIONS='--sysroot=/opt/beagley-sysroot' '-v' '-o' 'CMakeFiles/cmTC_aeb1a.dir/CMakeCCompilerABI.c.o' '-c' '-mlittle-endian' '-mabi=lp64' '-dumpdir' 'CMakeFiles/cmTC_aeb1a.dir/'
 /usr/lib/gcc-cross/aarch64-linux-gnu/12/cc1 -quiet -v -imultiarch aarch64-linux-gnu -isysroot /opt/beagley-sysroot /usr/share/cmake-3.25/Modules/CMakeCCompilerABI.c -quiet -dumpdir CMakeFiles/cmTC_aeb1a.dir/ -dumpbase CMakeCCompilerABI.c.c -dumpbase-ext .c -mlittle-endian -mabi=lp64 -version -fasynchronous-unwind-tables -o /tmp/ccKoc4jK.s
GNU C17 (Debian 12.2.0-14) version 12.2.0 (aarch64-linux-gnu)
	compiled by GNU C version 12.2.0, GMP version 6.2.1, MPFR version 4.2.0, MPC version 1.3.1, isl version isl-0.25-GMP

GGC heuristics: --param ggc-min-expand=100 --param ggc-min-heapsize=131072
ignoring nonexistent directory "/opt/beagley-sysroot/usr/local/include/aarch64-linux-gnu"
ignoring nonexistent directory "/usr/lib/gcc-cross/aarch64-linux-gnu/12/include-fixed"
ignoring nonexistent directory "/opt/beagley-sysroot/usr/include/aarch64-linux-gnu"
ignoring nonexistent directory "/opt/beagley-sysroot/usr/include"
#include "..." search starts here:
#include <...> search starts here:
 /usr/lib/gcc-cross/aarch64-linux-gnu/12/include
 /usr/lib/gcc-cross/aarch64-linux-gnu/12/../../../../aarch64-linux-gnu/include
End of search list.
GNU C17 (Debian 12.2.0-14) version 12.2.0 (aarch64-linux-gnu)
	compiled by GNU C version 12.2.0, GMP version 6.2.1, MPFR version 4.2.0, MPC version 1.3.1, isl version isl-0.25-GMP

GGC heuristics: --param ggc-min-expand=100 --param ggc-min-heapsize=131072
Compiler executable checksum: 06bcb0cbec0123eea61030502d945989
COLLECT_GCC_OPTIONS='--sysroot=/opt/beagley-sysroot' '-v' '-o' 'CMakeFiles/cmTC_aeb1a.dir/CMakeCCompilerABI.c.o' '-c' '-mlittle-endian' '-mabi=lp64' '-dumpdir' 'CMakeFiles/cmTC_aeb1a.dir/'
 /usr/lib/gcc-cross/aarch64-linux-gnu/12/../../../../aarch64-linux-gnu/bin/as -v -EL -mabi=lp64 -o CMakeFiles/cmTC_aeb1a.dir/CMakeCCompilerABI.c.o /tmp/ccKoc4jK.s
GNU assembler version 2.40 (aarch64-linux-gnu) using BFD version (GNU Binutils for Debian) 2.40
COMPILER_PATH=/usr/lib/gcc-cross/aarch64-linux-gnu/12/:/usr/lib/gcc-cross/aarch64-linux-gnu/12/:/usr/lib/gcc-cross/aarch64-linux-gnu/:/usr/lib/gcc-cross/aarch64-linux-gnu/12/:/usr/lib/gcc-cross/aarch64-linux-gnu/:/usr/lib/gcc-cross/aarch64-linux-gnu/12/../../../../aarch64-linux-gnu/bin/
LIBRARY_PATH=/usr/lib/gcc-cross/aarch64-linux-gnu/12/:/usr/lib/gcc-cross/aarch64-linux-gnu/12/../../../../aarch64-linux-gnu/lib/../lib/:/usr/lib/gcc-cross/aarch64-linux-gnu/12/../../../../aarch64-linux-gnu/lib/
COLLECT_GCC_OPTIONS='--sysroot=/opt/beagley-sysroot' '-v' '-o' 'CMakeFiles/cmTC_aeb1a.dir/CMakeCCompilerABI.c.o' '-c' '-mlittle-endian' '-mabi=lp64' '-dumpdir' 'CMakeFiles/cmTC_aeb1a.dir/CMakeCCompilerABI.c.'
Linking C executable cmTC_aeb1a
/usr/bin/cmake -E cmake_link_script CMakeFiles/cmTC_aeb1a.dir/link.txt --verbose=1
/usr/bin/aarch64-linux-gnu-gcc --sysroot=/opt/beagley-sysroot  -v CMakeFiles/cmTC_aeb1a.dir/CMakeCCompilerABI.c.o -o cmTC_aeb1a 
Using built-in specs.
COLLECT_GCC=/usr/bin/aarch64-linux-gnu-gcc
COLLECT_LTO_WRAPPER=/usr/lib/gcc-cross/aarch64-linux-gnu/12/lto-wrapper
Target: aarch64-linux-gnu
Configured with: ../src/configure -v --with-pkgversion='Debian 12.2.0-14' --with-bugurl=file:///usr/share/doc/gcc-12/README.Bugs --enable-languages=c,ada,c++,go,d,fortran,objc,obj-c++,m2 --prefix=/usr --with-gcc-major-version-only --program-suffix=-12 --enable-shared --enable-linker-build-id --libexecdir=/usr/lib --without-included-gettext --enable-threads=posix --libdir=/usr/lib --enable-nls --with-sysroot=/ --enable-clocale=gnu --enable-libstdcxx-debug --enable-libstdcxx-time=yes --with-default-libstdcxx-abi=new --enable-gnu-unique-object --disable-libquadmath --disable-libquadmath-support --enable-plugin --enable-default-pie --with-system-zlib --enable-libphobos-checking=release --without-target-system-zlib --enable-multiarch --enable-fix-cortex-a53-843419 --disable-werror --enable-checking=release --build=x86_64-linux-gnu --host=x86_64-linux-gnu --target=aarch64-linux-gnu --program-prefix=aarch64-linux-gnu- --includedir=/usr/aarch64-linux-gnu/include
Thread model: posix
Supported LTO compression algorithms: zlib zstd
gcc version 12.2.0 (Debian 12.2.0-14) 
COMPILER_PATH=/usr/lib/gcc-cross/aarch64-linux-gnu/12/:/usr/lib/gcc-cross/aarch64-linux-gnu/12/:/usr/lib/gcc-cross/aarch64-linux-gnu/:/usr/lib/gcc-cross/aarch64-linux-gnu/12/:/usr/lib/gcc-cross/aarch64-linux-gnu/:/usr/lib/gcc-cross/aarch64-linux-gnu/12/../../../../aarch64-linux-gnu/bin/
LIBRARY_PATH=/usr/lib/gcc-cross/aarch64-linux-gnu/12/:/usr/lib/gcc-cross/aarch64-linux-gnu/12/../../../../aarch64-linux-gnu/lib/../lib/:/usr/lib/gcc-cross/aarch64-linux-gnu/12/../../../../aarch64-linux-gnu/lib/
COLLECT_GCC_OPTIONS='--sysroot=/opt/beagley-sysroot' '-v' '-o' 'cmTC_aeb1a' '-mlittle-endian' '-mabi=lp64' '-dumpdir' 'cmTC_aeb1a.'
 /usr/lib/gcc-cross/aarch64-linux-gnu/12/collect2 -plugin /usr/lib/gcc-cross/aarch64-linux-gnu/12/liblto_plugin.so -plugin-opt=/usr/lib/gcc-cross/aarch64-linux-gnu/12/lto-wrapper -plugin-opt=-fresolution=/tmp/ccHTHUMQ.res -plugin-opt=-pass-through=-lgcc -plugin-opt=-pass-through=-lgcc_s -plugin-opt=-pass-through=-lc -plugin-opt=-pass-through=-lgcc -plugin-opt=-pass-through=-lgcc_s --sysroot=/opt/beagley-sysroot --build-id --eh-frame-hdr --hash-style=gnu --as-needed -dynamic-linker /lib/ld-linux-aarch64.so.1 -X -EL -maarch64linux --fix-cortex-a53-843419 -pie -o cmTC_aeb1a /usr/lib/gcc-cross/aarch64-linux-gnu/12/../../../../aarch64-linux-gnu/lib/../lib/Scrt1.o /usr/lib/gcc-cross/aarch64-linux-gnu/12/../../../../aarch64-linux-gnu/lib/../lib/crti.o /usr/lib/gcc-cross/aarch64-linux-gnu/12/crtbeginS.o -L/usr/lib/gcc-cross/aarch64-linux-gnu/12 -L/usr/lib/gcc-cross/aarch64-linux-gnu/12/../../../../aarch64-linux-gnu/lib/../lib -L/usr/lib/gcc-cross/aarch64-linux-gnu/12/../../../../aarch64-linux-gnu/lib CMakeFiles/cmTC_aeb1a.dir/CMakeCCompilerABI.c.o -lgcc --push-state --as-needed -lgcc_s --pop-state -lc -lgcc --push-state --as-needed -lgcc_s --pop-state /usr/lib/gcc-cross/aarch64-linux-gnu/12/crtendS.o /usr/lib/gcc-cross/aarch64-linux-gnu/12/../../../../aarch64-linux-gnu/lib/../lib/crtn.o
COLLECT_GCC_OPTIONS='--sysroot=/opt/beagley-sysroot' '-v' '-o' 'cmTC_aeb1a' '-mlittle-endian' '-mabi=lp64' '-dumpdir' 'cmTC_aeb1a.'
gmake[1]: Leaving directory '/home/kirin/ensc351/work/as2/build-aarch64/CMakeFiles/CMakeScratch/TryCompile-g1rTBj'



Parsed C implicit include dir info from above output: rv=done
  found start of include info
  found start of implicit include info
    add: [/usr/lib/gcc-cross/aarch64-linux-gnu/12/include]
    add: [/usr/lib/gcc-cross/aarch64-linux-gnu/12/../../../../aarch64-linux-gnu/include]
  end of search list found
  collapse include dir [/usr/lib/gcc-cross/aarch64-linux-gnu/12/include] ==> [/usr/lib/gcc-cross/aarch64-linux-gnu/12/include]
  collapse include dir [/usr/lib/gcc-cross/aarch64-linux-gnu/12/../../../../aarch64-linux-gnu/include] ==> [/usr/aarch64-linux-gnu/include]
  implicit include dirs: [/usr/lib/gcc-cross/aarch64-linux-gnu/12/include;/usr/aarch64-linux-gnu/include]


Parsed C implicit link information from above output:
  link line regex: [^( *|.*[/\])(aarch64-linux-gnu-ld|CMAKE_LINK_STARTFILE-NOTFOUND|([^/\]+-)?ld|collect2)[^/\]*( |$)]
  ignore line: [Change Dir: /home/kirin/ensc351/work/as2/build-aarch64/CMakeFiles/CMakeScratch/TryCompile-g1rTBj]
  ignore line: []
  ignore line: [Run Build Command(s):/usr/bin/gmake -f Makefile cmTC_aeb1a/fast && /usr/bin/gmake  -f CMakeFiles/cmTC_aeb1a.dir/build.make CMakeFiles/cmTC_aeb1a.dir/build]
  ignore line: [gmake[1]: Entering directory '/home/kirin/ensc351/work/as2/build-aarch64/CMakeFiles/CMakeScratch/TryCompile-g1rTBj']
  ignore line: [Building C object CMakeFiles/cmTC_aeb1a.dir/CMakeCCompilerABI.c.o]
  ignore line: [/usr/bin/aarch64-linux-gnu-gcc --sysroot=/opt/beagley-sysroot   -v -o CMakeFiles/cmTC_aeb1a.dir/CMakeCCompilerABI.c.o -c /usr/share/cmake-3.25/Modules/CMakeCCompilerABI.c]
  ignore line: [Using built-in specs.]
  ignore line: [COLLECT_GCC=/usr/bin/aarch64-linux-gnu-gcc]
  ignore line: [Target: aarch64-linux-gnu]
  ignore line: [Configured with: ../src/configure -v --with-pkgversion='Debian 12.2.0-14' --with-bugurl=file:///usr/share/doc/gcc-12/README.Bugs --enable-languages=c ada c++ go d fortran objc obj-c++ m2 --prefix=/usr --with-gcc-major-version-only --program-suffix=-12 --enable-shared --enable-linker-build-id --libexecdir=/usr/lib --without-included-gettext --enable-threads=posix --libdir=/usr/lib --enable-nls --with-sysroot=/ --enable-clocale=gnu --enable-libstdcxx-debug --enable-libstdcxx-time=yes --with-default-libstdcxx-abi=new --enable-gnu-unique-object --disable-libquadmath --disable-libquadmath-support --enable-plugin --enable-default-pie --with-system-zlib --enable-libphobos-checking=release --without-target-system-zlib --enable-multiarch --enable-fix-cortex-a53-843419 --disable-werror --enable-checking=release --build=x86_64-linux-gnu --host=x86_64-linux-gnu --target=aarch64-linux-gnu --program-prefix=aarch64-linux-gnu- --includedir=/usr/aarch64-linux-gnu/include]
  ignore line: [Thread model: posix]
  ignore line: [Supported LTO compression algorithms: zlib zstd]
  ignore line: [gcc version 12.2.0 (Debian 12.2.0-14) ]
  ignore line: [COLLECT_GCC_OPTIONS='--sysroot=/opt/beagley-sysroot' '-v' '-o' 'CMakeFiles/cmTC_aeb1a.dir/CMakeCCompilerABI.c.o' '-c' '-mlittle-endian' '-mabi=lp64' '-dumpdir' 'CMakeFiles/cmTC_aeb1a.dir/']
  ignore line: [ /usr/lib/gcc-cross/aarch64-linux-gnu/12/cc1 -quiet -v -imultiarch aarch64-linux-gnu -isysroot /opt/beagley-sysroot /usr/share/cmake-3.25/Modules/CMakeCCompilerABI.c -quiet -dumpdir CMakeFiles/cmTC_aeb1a.dir/ -dumpbase CMakeCCompilerABI.c.c -dumpbase-ext .c -mlittle-endian -mabi=lp64 -version -fasynchronous-unwind-tables -o /tmp/ccKoc4jK.s]
  ignore line: [GNU C17 (Debian 12.2.0-14) version 12.2.0 (aarch64-linux-gnu)]
  ignore line: [	compiled by GNU C version 12.2.0  GMP version 6.2.1  MPFR version 4.2.0  MPC version 1.3.1  isl version isl-0.25-GMP]
  ignore line: []
  ignore line: [GGC heuristics: --param ggc-min-expand=100 --param ggc-min-heapsize=131072]
  ignore line: [ignoring nonexistent directory "/opt/beagley-sysroot/usr/local/include/aarch64-linux-gnu"]
  ignore line: [ignoring nonexistent directory "/usr/lib/gcc-cross/aarch64-linux-gnu/12/include-fixed"]
  ignore line: [ignoring nonexistent directory "/opt/beagley-sysroot/usr/include/aarch64-linux-gnu"]
  ignore line: [ignoring nonexistent directory "/opt/beagley-sysroot/usr/include"]
  ignore line: [#include "..." search starts here:]
  ignore line: [#include <...> search starts here:]
  ignore line: [ /usr/lib/gcc-cross/aarch64-linux-gnu/12/include]
  ignore line: [ /usr/lib/gcc-cross/aarch64-linux-gnu/12/../../../../aarch64-linux-gnu/include]
  ignore line: [End of search list.]
  ignore line: [GNU C17 (Debian 12.2.0-14) version 12.2.0 (aarch64-linux-gnu)]
  ignore line: [	compiled by GNU C version 12.2.0  GMP version 6.2.1  MPFR version 4.2.0  MPC version 1.3.1  isl version isl-0.25-GMP]
  ignore line: []
  ignore line: [GGC heuristics: --param ggc-min-expand=100 --param ggc-min-heapsize=131072]
  ignore line: [Compiler executable checksum: 06bcb0cbec0123eea61030502d945989]
  ignore line: [COLLECT_GCC_OPTIONS='--sysroot=/opt/beagley-sysroot' '-v' '-o' 'CMakeFiles/cmTC_aeb1a.dir/CMakeCCompilerABI.c.o' '-c' '-mlittle-endian' '-mabi=lp64' '-dumpdir' 'CMakeFiles/cmTC_aeb1a.dir/']
  ignore line: [ /usr/lib/gcc-cross/aarch64-linux-gnu/12/../../../../aarch64-linux-gnu/bin/as -v -EL -mabi=lp64 -o CMakeFiles/cmTC_aeb1a.dir/CMakeCCompilerABI.c.o /tmp/ccKoc4jK.s]
  ignore line: [GNU assembler version 2.40 (aarch64-linux-gnu) using BFD version (GNU Binutils for Debian) 2.40]
  ignore line: [COMPILER_PATH=/usr/lib/gcc-cross/aarch64-linux-gnu/12/:/usr/lib/gcc-cross/aarch64-linux-gnu/12/:/usr/lib/gcc-cross/aarch64-linux-gnu/:/usr/lib/gcc-cross/aarch64-linux-gnu/12/:/usr/lib/gcc-cross/aarch64-linux-gnu/:/usr/lib/gcc-cross/aarch64-linux-gnu/12/../../../../aarch64-linux-gnu/bin/]
  ignore line: [LIBRARY_PATH=/usr/lib/gcc-cross/aarch64-linux-gnu/12/:/usr/lib/gcc-cross/aarch64-linux-gnu/12/../../../../aarch64-linux-gnu/lib/../lib/:/usr/lib/gcc-cross/aarch64-linux-gnu/12/../../../../aarch64-linux-gnu/lib/]
  ignore line: [COLLECT_GCC_OPTIONS='--sysroot=/opt/beagley-sysroot' '-v' '-o' 'CMakeFiles/cmTC_aeb1a.dir/CMakeCCompilerABI.c.o' '-c' '-mlittle-endian' '-mabi=lp64' '-dumpdir' 'CMakeFiles/cmTC_aeb1a.dir/CMakeCCompilerABI.c.']
  ignore line: [Linking C executable cmTC_aeb1a]
  ignore line: [/usr/bin/cmake -E cmake_link_script CMakeFiles/cmTC_aeb1a.dir/link.txt --verbose=1]
  ignore line: [/usr/bin/aarch64-linux-gnu-gcc --sysroot=/opt/beagley-sysroot  -v CMakeFiles/cmTC_aeb1a.dir/CMakeCCompilerABI.c.o -o cmTC_aeb1a ]
  ignore line: [Using built-in specs.]
  ignore line: [COLLECT_GCC=/usr/bin/aarch64-linux-gnu-gcc]
  ignore line: [COLLECT_LTO_WRAPPER=/usr/lib/gcc-cross/aarch64-linux-gnu/12/lto-wrapper]
  ignore line: [Target: aarch64-linux-gnu]
  ignore line: [Configured with: ../src/configure -v --with-pkgversion='Debian 12.2.0-14' --with-bugurl=file:///usr/share/doc/gcc-12/README.Bugs --enable-languages=c ada c++ go d fortran objc obj-c++ m2 --prefix=/usr --with-gcc-major-version-only --program-suffix=-12 --enable-shared --enable-linker-build-id --libexecdir=/usr/lib --without-included-gettext --enable-threads=posix --libdir=/usr/lib --enable-nls --with-sysroot=/ --enable-clocale=gnu --enable-libstdcxx-debug --enable-libstdcxx-time=yes --with-default-libstdcxx-abi=new --enable-gnu-unique-object --disable-libquadmath --disable-libquadmath-support --enable-plugin --enable-default-pie --with-system-zlib --enable-libphobos-checking=release --without-target-system-zlib --enable-multiarch --enable-fix-cortex-a53-843419 --disable-werror --enable-checking=release --build=x86_64-linux-gnu --host=x86_64-linux-gnu --target=aarch64-linux-gnu --program-prefix=aarch64-linux-gnu- --includedir=/usr/aarch64-linux-gnu/include]
  ignore line: [Thread model: posix]
  ignore line: [Supported LTO compression algorithms: zlib zstd]
  ignore line: [gcc version 12.2.0 (Debian 12.2.0-14) ]
  ignore line: [COMPILER_PATH=/usr/lib/gcc-cross/aarch64-linux-gnu/12/:/usr/lib/gcc-cross/aarch64-linux-gnu/12/:/usr/lib/gcc-cross/aarch64-linux-gnu/:/usr/lib/gcc-cross/aarch64-linux-gnu/12/:/usr/lib/gcc-cross/aarch64-linux-gnu/:/usr/lib/gcc-cross/aarch64-linux-gnu/12/../../../../aarch64-linux-gnu/bin/]
  ignore line: [LIBRARY_PATH=/usr/lib/gcc-cross/aarch64-linux-gnu/12/:/usr/lib/gcc-cross/aarch64-linux-gnu/12/../../../../aarch64-linux-gnu/lib/../lib/:/usr/lib/gcc-cross/aarch64-linux-gnu/12/../../../../aarch64-linux-gnu/lib/]
  ignore line: [COLLECT_GCC_OPTIONS='--sysroot=/opt/beagley-sysroot' '-v' '-o' 'cmTC_aeb1a' '-mlittle-endian' '-mabi=lp64' '-dumpdir' 'cmTC_aeb1a.']
  link line: [ /usr/lib/gcc-cross/aarch64-linux-gnu/12/collect2 -plugin /usr/lib/gcc-cross/aarch64-linux-gnu/12/liblto_plugin.so -plugin-opt=/usr/lib/gcc-cross/aarch64-linux-gnu/12/lto-wrapper -plugin-opt=-fresolution=/tmp/ccHTHUMQ.res -plugin-opt=-pass-through=-lgcc -plugin-opt=-pass-through=-lgcc_s -plugin-opt=-pass-through=-lc -plugin-opt=-pass-through=-lgcc -plugin-opt=-pass-through=-lgcc_s --sysroot=/opt/beagley-sysroot --build-id --eh-frame-hdr --hash-style=gnu --as-needed -dynamic-linker /lib/ld-linux-aarch64.so.1 -X -EL -maarch64linux --fix-cortex-a53-843419 -pie -o cmTC_aeb1a /usr/lib/gcc-cross/aarch64-linux-gnu/12/../../../../aarch64-linux-gnu/lib/../lib/Scrt1.o /usr/lib/gcc-cross/aarch64-linux-gnu/12/../../../../aarch64-linux-gnu/lib/../lib/crti.o /usr/lib/gcc-cross/aarch64-linux-gnu/12/crtbeginS.o -L/usr/lib/gcc-cross/aarch64-linux-gnu/12 -L/usr/lib/gcc-cross/aarch64-linux-gnu/12/../../../../aarch64-linux-gnu/lib/../lib -L/usr/lib/gcc-cross/aarch64-linux-gnu/12/../../../../aarch64-linux-gnu/lib CMakeFiles/cmTC_aeb1a.dir/CMakeCCompilerABI.c.o -lgcc --push-state --as-needed -lgcc_s --pop-state -lc -lgcc --push-state --as-needed -lgcc_s --pop-state /usr/lib/gcc-cross/aarch64-linux-gnu/12/crtendS.o /usr/lib/gcc-cross/aarch64-linux-gnu/12/../../../../aarch64-linux-gnu/lib/../lib/crtn.o]
    arg [/usr/lib/gcc-cross/aarch64-linux-gnu/12/collect2] ==> ignore
    arg [-plugin] ==> ignore
    arg [/usr/lib/gcc-cross/aarch64-linux-gnu/12/liblto_plugin.so] ==> ignore
    arg [-plugin-opt=/usr/lib/gcc-cross/aarch64-linux-gnu/12/lto-wrapper] ==> ignore
    arg [-plugin-opt=-fresolution=/tmp/ccHTHUMQ.res] ==> ignore
    arg [-plugin-opt=-pass-through=-lgcc] ==> ignore
    arg [-plugin-opt=-pass-through=-lgcc_s] ==> ignore
    arg [-plugin-opt=-pass-through=-lc] ==> ignore
    arg [-plugin-opt=-pass-through=-lgcc] ==> ignore
    arg [-plugin-opt=-pass-through=-lgcc_s] ==> ignore
    arg [--sysroot=/opt/beagley-sysroot] ==> ignore
    arg [--build-id] ==> ignore
    arg [--eh-frame-hdr] ==> ignore
    arg [--hash-style=gnu] ==> ignore
    arg [--as-needed] ==> ignore
    arg [-dynamic-linker] ==> ignore
    arg [/lib/ld-linux-aarch64.so.1] ==> ignore
    arg [-X] ==> ignore
    arg [-EL] ==> ignore
    arg [-maarch64linux] ==> ignore
    arg [--fix-cortex-a53-843419] ==> ignore
    arg [-pie] ==> ignore
    arg [-o] ==> ignore
    arg [cmTC_aeb1a] ==> ignore
    arg [/usr/lib/gcc-cross/aarch64-linux-gnu/12/../../../../aarch64-linux-gnu/lib/../lib/Scrt1.o] ==> obj [/usr/lib/gcc-cross/aarch64-linux-gnu/12/../../../../aarch64-linux-gnu/lib/../lib/Scrt1.o]
    arg [/usr/lib/gcc-cross/aarch64-linux-gnu/12/../../../../aarch64-linux-gnu/lib/../lib/crti.o] ==> obj [/usr/lib/gcc-cross/aarch64-linux-gnu/12/../../../../aarch64-linux-gnu/lib/../lib/crti.o]
    arg [/usr/lib/gcc-cross/aarch64-linux-gnu/12/crtbeginS.o] ==> obj [/usr/lib/gcc-cross/aarch64-linux-gnu/12/crtbeginS.o]
    arg [-L/usr/lib/gcc-cross/aarch64-linux-gnu/12] ==> dir [/usr/lib/gcc-cross/aarch64-linux-gnu/12]
    arg [-L/usr/lib/gcc-cross/aarch64-linux-gnu/12/../../../../aarch64-linux-gnu/lib/../lib] ==> dir [/usr/lib/gcc-cross/aarch64-linux-gnu/12/../../../../aarch64-linux-gnu/lib/../lib]
    arg [-L/usr/lib/gcc-cross/aarch64-linux-gnu/12/../../../../aarch64-linux-gnu/lib] ==> dir [/usr/lib/gcc-cross/aarch64-linux-gnu/12/../../../../aarch64-linux-gnu/lib]
    arg [CMakeFiles/cmTC_aeb1a.dir/CMakeCCompilerABI.c.o] ==> ignore
    arg [-lgcc] ==> lib [gcc]
    arg [--push-state] ==> ignore
    arg [--as-needed] ==> ignore
    arg [-lgcc_s] ==> lib [gcc_s]
    arg [--pop-state] ==> ignore
    arg [-lc] ==> lib [c]
    arg [-lgcc] ==> lib [gcc]
    arg [--push-state] ==> ignore
    arg [--as-needed] ==> ignore
    arg [-lgcc_s] ==> lib [gcc_s]
    arg [--pop-state] ==> ignore
    arg [/usr/lib/gcc-cross/aarch64-linux-gnu/12/crtendS.o] ==> obj [/usr/lib/gcc-cross/aarch64-linux-gnu/12/crtendS.o]
    arg [/usr/lib/gcc-cross/aarch64-linux-gnu/12/../../../../aarch64-linux-gnu/lib/../lib/crtn.o] ==> obj [/usr/lib/gcc-cross/aarch64-linux-gnu/12/../../../../aarch64-linux-gnu/lib/../lib/crtn.o]
  collapse obj [/usr/lib/gcc-cross/aarch64-linux-gnu/12/../../../../aarch64-linux-gnu/lib/../lib/Scrt1.o] ==> [/usr/aarch64-linux-gnu/lib/Scrt1.o]
  collapse obj [/usr/lib/gcc-cross/aarch64-linux-gnu/12/../../../../aarch64-linux-gnu/lib/../lib/crti.o] ==> [/usr/aarch64-linux-gnu/lib/crti.o]
  collapse obj [/usr/lib/gcc-cross/aarch64-linux-gnu/12/../../../../aarch64-linux-gnu/lib/../lib/crtn.o] ==> [/usr/aarch64-linux-gnu/lib/crtn.o]
  collapse library dir [/usr/lib/gcc-cross/aarch64-linux-gnu/12] ==> [/usr/lib/gcc-cross/aarch64-linux-gnu/12]
  collapse library dir [/usr/lib/gcc-cross/aarch64-linux-gnu/12/../../../../aarch64-linux-gnu/lib/../lib] ==> [/usr/aarch64-linux-gnu/lib]
  collapse library dir [/usr/lib/gcc-cross/aarch64-linux-gnu/12/../../../../aarch64-linux-gnu/lib] ==> [/usr/aarch64-linux-gnu/lib]
  implicit libs: [gcc;gcc_s;c;gcc;gcc_s]
  implicit objs: [/usr/aarch64-linux-gnu/lib/Scrt1.o;/usr/aarch64-linux-gnu/lib/crti.o;/usr/lib/gcc-cross/aarch64-linux-gnu/12/crtbeginS.o;/usr/lib/gcc-cross/aarch64-linux-gnu/12/crtendS.o;/usr/aarch64-linux-gnu/lib/crtn.o]
  implicit dirs: [/usr/lib/gcc-cross/aarch64-linux-gnu/12;/usr/aarch64-linux-gnu/lib]
  implicit fwks: []


